# JRE version: OpenJDK Runtime Environment (15.0.2+7) (build 15.0.2+7-27)
# Java VM: OpenJDK 64-Bit Server VM (15.0.2+7-27, mixed mode, sharing, tiered, compressed oops, g1 gc, windows-amd64)
GC Precious Log:
 CPUs: 4 total, 4 available
 Memory: 3952M
 Large Page Support: Disabled
 NUMA Support: Disabled
 Compressed Oops: Enabled (32-bit)
 Heap Region Size: 1M
 Heap Min Capacity: 256M
 Heap Initial Capacity: 256M
 Heap Max Capacity: 512M
 Pre-touch: Disabled
 Parallel Workers: 4
 Concurrent Workers: 1
 Concurrent Refinement Workers: 4
 Periodic GC: Disabled
Heap:
 garbage-first heap   total 262144K, used 77897K [0x00000000e0000000, 0x0000000100000000)
  region size 1024K, 33 young (33792K), 6 survivors (6144K)
 Metaspace       used 65274K, capacity 68457K, committed 68560K, reserved 313344K
  class space    used 8196K, capacity 9297K, committed 9344K, reserved 253952K
GC Heap History (20 events):
Event: 754.265 GC heap before
{Heap before GC invocations=8 (full 0):
 garbage-first heap   total 262144K, used 178603K [0x00000000e0000000, 0x0000000100000000)
  region size 1024K, 152 young (155648K), 18 survivors (18432K)
 Metaspace       used 57419K, capacity 58710K, committed 58928K, reserved 305152K
  class space    used 7539K, capacity 8002K, committed 8064K, reserved 253952K
}
Event: 754.516 GC heap after
{Heap after GC invocations=9 (full 0):
 garbage-first heap   total 262144K, used 51155K [0x00000000e0000000, 0x0000000100000000)
  region size 1024K, 9 young (9216K), 9 survivors (9216K)
 Metaspace       used 57419K, capacity 58710K, committed 58928K, reserved 305152K
  class space    used 7539K, capacity 8002K, committed 8064K, reserved 253952K
}
Event: 1192.985 GC heap before
{Heap before GC invocations=9 (full 0):
 garbage-first heap   total 262144K, used 136147K [0x00000000e0000000, 0x0000000100000000)
  region size 1024K, 94 young (96256K), 9 survivors (9216K)
 Metaspace       used 58683K, capacity 60152K, committed 60240K, reserved 307200K
  class space    used 7603K, capacity 8118K, committed 8192K, reserved 253952K
}
Event: 1193.085 GC heap after
{Heap after GC invocations=10 (full 0):
 garbage-first heap   total 262144K, used 49091K [0x00000000e0000000, 0x0000000100000000)
  region size 1024K, 7 young (7168K), 7 survivors (7168K)
 Metaspace       used 58683K, capacity 60152K, committed 60240K, reserved 307200K
  class space    used 7603K, capacity 8118K, committed 8192K, reserved 253952K
}
Event: 1593.339 GC heap before
{Heap before GC invocations=11 (full 0):
 garbage-first heap   total 262144K, used 181187K [0x00000000e0000000, 0x0000000100000000)
  region size 1024K, 137 young (140288K), 7 survivors (7168K)
 Metaspace       used 60144K, capacity 61809K, committed 61904K, reserved 309248K
  class space    used 7711K, capacity 8269K, committed 8320K, reserved 253952K
}
Event: 1593.476 GC heap after
{Heap after GC invocations=12 (full 0):
 garbage-first heap   total 262144K, used 50628K [0x00000000e0000000, 0x0000000100000000)
  region size 1024K, 9 young (9216K), 9 survivors (9216K)
 Metaspace       used 60144K, capacity 61809K, committed 61904K, reserved 309248K
  class space    used 7711K, capacity 8269K, committed 8320K, reserved 253952K
}
Event: 2057.949 GC heap before
{Heap before GC invocations=12 (full 0):
 garbage-first heap   total 262144K, used 183748K [0x00000000e0000000, 0x0000000100000000)
  region size 1024K, 140 young (143360K), 9 survivors (9216K)
 Metaspace       used 61953K, capacity 64159K, committed 64464K, reserved 311296K
  class space    used 7955K, capacity 8732K, committed 8832K, reserved 253952K
}
Event: 2058.024 GC heap after
{Heap after GC invocations=13 (full 0):
 garbage-first heap   total 262144K, used 51881K [0x00000000e0000000, 0x0000000100000000)
  region size 1024K, 10 young (10240K), 10 survivors (10240K)
 Metaspace       used 61953K, capacity 64159K, committed 64464K, reserved 311296K
  class space    used 7955K, capacity 8732K, committed 8832K, reserved 253952K
}
Event: 2337.799 GC heap before
{Heap before GC invocations=13 (full 0):
 garbage-first heap   total 262144K, used 197289K [0x00000000e0000000, 0x0000000100000000)
  region size 1024K, 153 young (156672K), 10 survivors (10240K)
 Metaspace       used 62495K, capacity 64851K, committed 64976K, reserved 311296K
  class space    used 7985K, capacity 8812K, committed 8832K, reserved 253952K
}
Event: 2337.934 GC heap after
{Heap after GC invocations=14 (full 0):
 garbage-first heap   total 262144K, used 55304K [0x00000000e0000000, 0x0000000100000000)
  region size 1024K, 14 young (14336K), 14 survivors (14336K)
 Metaspace       used 62495K, capacity 64851K, committed 64976K, reserved 311296K
  class space    used 7985K, capacity 8812K, committed 8832K, reserved 253952K
}
Event: 3460.441 GC heap before
{Heap before GC invocations=14 (full 0):
 garbage-first heap   total 262144K, used 196616K [0x00000000e0000000, 0x0000000100000000)
  region size 1024K, 153 young (156672K), 14 survivors (14336K)
 Metaspace       used 63028K, capacity 65375K, committed 65616K, reserved 311296K
  class space    used 8019K, capacity 8875K, committed 8960K, reserved 253952K
}
Event: 3460.553 GC heap after
{Heap after GC invocations=15 (full 0):
 garbage-first heap   total 262144K, used 52468K [0x00000000e0000000, 0x0000000100000000)
  region size 1024K, 8 young (8192K), 8 survivors (8192K)
 Metaspace       used 63028K, capacity 65375K, committed 65616K, reserved 311296K
  class space    used 8019K, capacity 8875K, committed 8960K, reserved 253952K
}
Event: 4108.084 GC heap before
{Heap before GC invocations=15 (full 0):
 garbage-first heap   total 262144K, used 199924K [0x00000000e0000000, 0x0000000100000000)
  region size 1024K, 153 young (156672K), 8 survivors (8192K)
 Metaspace       used 63714K, capacity 66390K, committed 66512K, reserved 313344K
  class space    used 8082K, capacity 9014K, committed 9088K, reserved 253952K
}
Event: 4108.207 GC heap after
{Heap after GC invocations=16 (full 0):
 garbage-first heap   total 262144K, used 56482K [0x00000000e0000000, 0x0000000100000000)
  region size 1024K, 12 young (12288K), 12 survivors (12288K)
 Metaspace       used 63714K, capacity 66390K, committed 66512K, reserved 313344K
  class space    used 8082K, capacity 9014K, committed 9088K, reserved 253952K
}
Event: 4589.157 GC heap before
{Heap before GC invocations=16 (full 0):
 garbage-first heap   total 262144K, used 199842K [0x00000000e0000000, 0x0000000100000000)
  region size 1024K, 153 young (156672K), 12 survivors (12288K)
 Metaspace       used 64013K, capacity 66740K, committed 67024K, reserved 313344K
  class space    used 8086K, capacity 9019K, committed 9088K, reserved 253952K
}
Event: 4589.274 GC heap after
{Heap after GC invocations=17 (full 0):
 garbage-first heap   total 262144K, used 52593K [0x00000000e0000000, 0x0000000100000000)
  region size 1024K, 7 young (7168K), 7 survivors (7168K)
 Metaspace       used 64013K, capacity 66740K, committed 67024K, reserved 313344K
  class space    used 8086K, capacity 9019K, committed 9088K, reserved 253952K
}
Event: 5209.942 GC heap before
{Heap before GC invocations=17 (full 0):
 garbage-first heap   total 262144K, used 201073K [0x00000000e0000000, 0x0000000100000000)
  region size 1024K, 153 young (156672K), 7 survivors (7168K)
 Metaspace       used 64247K, capacity 66940K, committed 67024K, reserved 313344K
  class space    used 8087K, capacity 9019K, committed 9088K, reserved 253952K
}
Event: 5210.049 GC heap after
{Heap after GC invocations=18 (full 0):
 garbage-first heap   total 262144K, used 52297K [0x00000000e0000000, 0x0000000100000000)
  region size 1024K, 7 young (7168K), 7 survivors (7168K)
 Metaspace       used 64247K, capacity 66940K, committed 67024K, reserved 313344K
  class space    used 8087K, capacity 9019K, committed 9088K, reserved 253952K
}
Event: 5538.108 GC heap before
{Heap before GC invocations=18 (full 0):
 garbage-first heap   total 262144K, used 200777K [0x00000000e0000000, 0x0000000100000000)
  region size 1024K, 153 young (156672K), 7 survivors (7168K)
 Metaspace       used 65195K, capacity 68356K, committed 68560K, reserved 313344K
  class space    used 8191K, capacity 9288K, committed 9344K, reserved 253952K
}
Event: 5538.186 GC heap after
{Heap after GC invocations=19 (full 0):
 garbage-first heap   total 262144K, used 51273K [0x00000000e0000000, 0x0000000100000000)
  region size 1024K, 6 young (6144K), 6 survivors (6144K)
 Metaspace       used 65195K, capacity 68356K, committed 68560K, reserved 313344K
  class space    used 8191K, capacity 9288K, committed 9344K, reserved 253952K
}

