# JRE version: OpenJDK Runtime Environment (15.0.2+7) (build 15.0.2+7-27)
# Java VM: OpenJDK 64-Bit Server VM (15.0.2+7-27, mixed mode, sharing, tiered, compressed oops, g1 gc, windows-amd64)
GC Precious Log:
 CPUs: 4 total, 4 available
 Memory: 3952M
 Large Page Support: Disabled
 NUMA Support: Disabled
 Compressed Oops: Enabled (32-bit)
 Heap Region Size: 1M
 Heap Min Capacity: 8M
 Heap Initial Capacity: 62M
 Heap Max Capacity: 512M
 Pre-touch: Disabled
 Parallel Workers: 4
 Concurrent Workers: 1
 Concurrent Refinement Workers: 4
 Periodic GC: Disabled
Heap:
 garbage-first heap   total 63488K, used 33990K [0x00000000e0000000, 0x0000000100000000)
  region size 1024K, 31 young (31744K), 3 survivors (3072K)
 Metaspace       used 18529K, capacity 18858K, committed 19072K, reserved 1067008K
  class space    used 2325K, capacity 2430K, committed 2432K, reserved 1048576K
GC Heap History (6 events):
Event: 1.427 GC heap before
{Heap before GC invocations=0 (full 0):
 garbage-first heap   total 63488K, used 12288K [0x00000000e0000000, 0x0000000100000000)
  region size 1024K, 13 young (13312K), 0 survivors (0K)
 Metaspace       used 4867K, capacity 6248K, committed 6400K, reserved 1056768K
  class space    used 599K, capacity 710K, committed 768K, reserved 1048576K
}
Event: 1.436 GC heap after
{Heap after GC invocations=1 (full 0):
 garbage-first heap   total 63488K, used 4108K [0x00000000e0000000, 0x0000000100000000)
  region size 1024K, 2 young (2048K), 2 survivors (2048K)
 Metaspace       used 4867K, capacity 6248K, committed 6400K, reserved 1056768K
  class space    used 599K, capacity 710K, committed 768K, reserved 1048576K
}
Event: 2.062 GC heap before
{Heap before GC invocations=1 (full 0):
 garbage-first heap   total 63488K, used 14348K [0x00000000e0000000, 0x0000000100000000)
  region size 1024K, 12 young (12288K), 2 survivors (2048K)
 Metaspace       used 7257K, capacity 8053K, committed 8320K, reserved 1056768K
  class space    used 964K, capacity 1034K, committed 1152K, reserved 1048576K
}
Event: 2.066 GC heap after
{Heap after GC invocations=2 (full 0):
 garbage-first heap   total 63488K, used 4962K [0x00000000e0000000, 0x0000000100000000)
  region size 1024K, 1 young (1024K), 1 survivors (1024K)
 Metaspace       used 7257K, capacity 8053K, committed 8320K, reserved 1056768K
  class space    used 964K, capacity 1034K, committed 1152K, reserved 1048576K
}
Event: 3.002 GC heap before
{Heap before GC invocations=2 (full 0):
 garbage-first heap   total 63488K, used 26466K [0x00000000e0000000, 0x0000000100000000)
  region size 1024K, 22 young (22528K), 1 survivors (1024K)
 Metaspace       used 12396K, capacity 12673K, committed 12928K, reserved 1060864K
  class space    used 1495K, capacity 1608K, committed 1664K, reserved 1048576K
}
Event: 3.010 GC heap after
{Heap after GC invocations=3 (full 0):
 garbage-first heap   total 63488K, used 8390K [0x00000000e0000000, 0x0000000100000000)
  region size 1024K, 3 young (3072K), 3 survivors (3072K)
 Metaspace       used 12396K, capacity 12673K, committed 12928K, reserved 1060864K
  class space    used 1495K, capacity 1608K, committed 1664K, reserved 1048576K
}

