# JRE version: OpenJDK Runtime Environment (15.0.2+7) (build 15.0.2+7-27)
# Java VM: OpenJDK 64-Bit Server VM (15.0.2+7-27, mixed mode, sharing, tiered, compressed oops, g1 gc, windows-amd64)
GC Precious Log:
 CPUs: 4 total, 4 available
 Memory: 3952M
 Large Page Support: Disabled
 NUMA Support: Disabled
 Compressed Oops: Enabled (32-bit)
 Heap Region Size: 1M
 Heap Min Capacity: 8M
 Heap Initial Capacity: 62M
 Heap Max Capacity: 512M
 Pre-touch: Disabled
 Parallel Workers: 4
 Concurrent Workers: 1
 Concurrent Refinement Workers: 4
 Periodic GC: Disabled
Heap:
 garbage-first heap   total 63488K, used 34653K [0x00000000e0000000, 0x0000000100000000)
  region size 1024K, 29 young (29696K), 3 survivors (3072K)
 Metaspace       used 17974K, capacity 18215K, committed 18304K, reserved 1071104K
  class space    used 2258K, capacity 2365K, committed 2432K, reserved 1048576K
GC Heap History (6 events):
Event: 2.041 GC heap before
{Heap before GC invocations=0 (full 0):
 garbage-first heap   total 63488K, used 12288K [0x00000000e0000000, 0x0000000100000000)
  region size 1024K, 13 young (13312K), 0 survivors (0K)
 Metaspace       used 4823K, capacity 6248K, committed 6400K, reserved 1056768K
  class space    used 598K, capacity 710K, committed 768K, reserved 1048576K
}
Event: 2.057 GC heap after
{Heap after GC invocations=1 (full 0):
 garbage-first heap   total 63488K, used 4114K [0x00000000e0000000, 0x0000000100000000)
  region size 1024K, 2 young (2048K), 2 survivors (2048K)
 Metaspace       used 4823K, capacity 6248K, committed 6400K, reserved 1056768K
  class space    used 598K, capacity 710K, committed 768K, reserved 1048576K
}
Event: 2.722 GC heap before
{Heap before GC invocations=1 (full 0):
 garbage-first heap   total 63488K, used 14354K [0x00000000e0000000, 0x0000000100000000)
  region size 1024K, 12 young (12288K), 2 survivors (2048K)
 Metaspace       used 7178K, capacity 7989K, committed 8320K, reserved 1056768K
  class space    used 964K, capacity 1034K, committed 1152K, reserved 1048576K
}
Event: 2.725 GC heap after
{Heap after GC invocations=2 (full 0):
 garbage-first heap   total 63488K, used 5028K [0x00000000e0000000, 0x0000000100000000)
  region size 1024K, 1 young (1024K), 1 survivors (1024K)
 Metaspace       used 7178K, capacity 7989K, committed 8320K, reserved 1056768K
  class space    used 964K, capacity 1034K, committed 1152K, reserved 1048576K
}
Event: 3.829 GC heap before
{Heap before GC invocations=2 (full 0):
 garbage-first heap   total 63488K, used 26532K [0x00000000e0000000, 0x0000000100000000)
  region size 1024K, 22 young (22528K), 1 survivors (1024K)
 Metaspace       used 12284K, capacity 12545K, committed 12672K, reserved 1060864K
  class space    used 1494K, capacity 1608K, committed 1664K, reserved 1048576K
}
Event: 3.836 GC heap after
{Heap after GC invocations=3 (full 0):
 garbage-first heap   total 63488K, used 8602K [0x00000000e0000000, 0x0000000100000000)
  region size 1024K, 3 young (3072K), 3 survivors (3072K)
 Metaspace       used 12284K, capacity 12545K, committed 12672K, reserved 1060864K
  class space    used 1494K, capacity 1608K, committed 1664K, reserved 1048576K
}

